Using pre-set license
Built from '2021.2/china_unity/release' branch; Version is '2021.2.5f1c1 (556459aa42ae) revision 5596249'; Using compiler version '192829333'; Build Type 'Release'
OS: 'Windows 11  (10.0.22000) 64bit CoreCountrySpecific' Language: 'zh' Physical Memory: 16235 MB
BatchMode: 1, IsHumanControllingUs: 0, StartBugReporterOnCrash: 0, Is64bit: 1, IsPro: 0

COMMAND LINE ARGUMENTS:
D:\unityEditor\2021.2.5f1c1\Editor\Unity.exe
-adb2
-batchMode
-noUpm
-name
AssetImportWorker0
-projectPath
E:/unique-project-client
-logFile
Logs/AssetImportWorker0.log
-srvPort
57970
Successfully changed project path to: E:/unique-project-client
E:/unique-project-client
[UnityMemory] Configuration Parameters - Can be set up in boot.config
    "memorysetup-bucket-allocator-granularity=16"
    "memorysetup-bucket-allocator-bucket-count=8"
    "memorysetup-bucket-allocator-block-size=33554432"
    "memorysetup-bucket-allocator-block-count=8"
    "memorysetup-main-allocator-block-size=16777216"
    "memorysetup-thread-allocator-block-size=16777216"
    "memorysetup-gfx-main-allocator-block-size=16777216"
    "memorysetup-gfx-thread-allocator-block-size=16777216"
    "memorysetup-cache-allocator-block-size=4194304"
    "memorysetup-typetree-allocator-block-size=2097152"
    "memorysetup-profiler-bucket-allocator-granularity=16"
    "memorysetup-profiler-bucket-allocator-bucket-count=8"
    "memorysetup-profiler-bucket-allocator-block-size=33554432"
    "memorysetup-profiler-bucket-allocator-block-count=8"
    "memorysetup-profiler-allocator-block-size=16777216"
    "memorysetup-profiler-editor-allocator-block-size=1048576"
    "memorysetup-temp-allocator-size-main=16777216"
    "memorysetup-job-temp-allocator-block-size=2097152"
    "memorysetup-job-temp-allocator-block-size-background=1048576"
    "memorysetup-job-temp-allocator-reduction-small-platforms=262144"
    "memorysetup-temp-allocator-size-background-worker=32768"
    "memorysetup-temp-allocator-size-job-worker=262144"
    "memorysetup-temp-allocator-size-preload-manager=33554432"
    "memorysetup-temp-allocator-size-nav-mesh-worker=65536"
    "memorysetup-temp-allocator-size-audio-worker=65536"
    "memorysetup-temp-allocator-size-cloud-worker=32768"
    "memorysetup-temp-allocator-size-gi-baking-worker=262144"
    "memorysetup-temp-allocator-size-gfx=262144"
AS: AutoStreaming module initializing.
Refreshing native plugins compatible for Editor in 24.03 ms, found 2 plugins.
Preloading 0 native plugins for Editor in 0.00 ms.
Initialize engine version: 2021.2.5f1c1 (556459aa42ae)
[Subsystems] Discovering subsystems at path D:/unityEditor/2021.2.5f1c1/Editor/Data/Resources/UnitySubsystems
[Subsystems] Discovering subsystems at path E:/unique-project-client/Assets
GfxDevice: creating device client; threaded=0; jobified=0
Direct3D:
    Version:  Direct3D 11.0 [level 11.1]
    Renderer: NVIDIA GeForce RTX 3060 Laptop GPU (ID=0x2560)
    Vendor:   NVIDIA
    VRAM:     6023 MB
    Driver:   30.0.15.1236
Initialize mono
Mono path[0] = 'D:/unityEditor/2021.2.5f1c1/Editor/Data/Managed'
Mono path[1] = 'D:/unityEditor/2021.2.5f1c1/Editor/Data/MonoBleedingEdge/lib/mono/unityjit-win32'
Mono config path = 'D:/unityEditor/2021.2.5f1c1/Editor/Data/MonoBleedingEdge/etc'
Using monoOptions --debugger-agent=transport=dt_socket,embedding=1,server=y,suspend=n,address=127.0.0.1:56536
Begin MonoManager ReloadAssembly
Registering precompiled unity dll's ...
Register platform support module: D:/unityEditor/2021.2.5f1c1/Editor/Data/PlaybackEngines/WindowsStandaloneSupport/UnityEditor.WindowsStandalone.Extensions.dll
Registered in 0.002757 seconds.
Native extension for WindowsStandalone target not found
Refreshing native plugins compatible for Editor in 22.13 ms, found 2 plugins.
Preloading 0 native plugins for Editor in 0.00 ms.
Mono: successfully reloaded assembly
- Completed reload, in  0.449 seconds
Domain Reload Profiling:
	ReloadAssembly (449ms)
		BeginReloadAssembly (66ms)
			ExecutionOrderSort (0ms)
			DisableScriptedObjects (0ms)
			BackupInstance (0ms)
			ReleaseScriptingObjects (0ms)
			CreateAndSetChildDomain (1ms)
		EndReloadAssembly (310ms)
			LoadAssemblies (62ms)
			RebuildTransferFunctionScriptingTraits (0ms)
			SetupTypeCache (75ms)
			ReleaseScriptCaches (0ms)
			RebuildScriptCaches (23ms)
			SetupLoadedEditorAssemblies (170ms)
				LogAssemblyErrors (0ms)
				InitializePlatformSupportModulesInManaged (11ms)
				SetLoadedEditorAssemblies (0ms)
				RefreshPlugins (22ms)
				BeforeProcessingInitializeOnLoad (1ms)
				ProcessInitializeOnLoadAttributes (101ms)
				ProcessInitializeOnLoadMethodAttributes (35ms)
				AfterProcessingInitializeOnLoad (0ms)
				EditorAssembliesLoaded (0ms)
			ExecutionOrderSort2 (0ms)
			AwakeInstancesAfterBackupRestoration (0ms)
Platform modules already initialized, skipping
Registering precompiled user dll's ...
Registered in 0.006615 seconds.
Begin MonoManager ReloadAssembly
Native extension for WindowsStandalone target not found
Refreshing native plugins compatible for Editor in 0.32 ms, found 2 plugins.
Preloading 0 native plugins for Editor in 0.00 ms.
Mono: successfully reloaded assembly
- Completed reload, in  0.766 seconds
Domain Reload Profiling:
	ReloadAssembly (767ms)
		BeginReloadAssembly (140ms)
			ExecutionOrderSort (0ms)
			DisableScriptedObjects (6ms)
			BackupInstance (0ms)
			ReleaseScriptingObjects (0ms)
			CreateAndSetChildDomain (16ms)
		EndReloadAssembly (543ms)
			LoadAssemblies (60ms)
			RebuildTransferFunctionScriptingTraits (0ms)
			SetupTypeCache (138ms)
			ReleaseScriptCaches (0ms)
			RebuildScriptCaches (34ms)
			SetupLoadedEditorAssemblies (238ms)
				LogAssemblyErrors (0ms)
				InitializePlatformSupportModulesInManaged (9ms)
				SetLoadedEditorAssemblies (0ms)
				RefreshPlugins (0ms)
				BeforeProcessingInitializeOnLoad (40ms)
				ProcessInitializeOnLoadAttributes (163ms)
				ProcessInitializeOnLoadMethodAttributes (17ms)
				AfterProcessingInitializeOnLoad (10ms)
				EditorAssembliesLoaded (0ms)
			ExecutionOrderSort2 (0ms)
			AwakeInstancesAfterBackupRestoration (7ms)
Platform modules already initialized, skipping
========================================================================
Worker process is ready to serve import requests
Launched and connected shader compiler UnityShaderCompiler.exe after 0.04 seconds
Refreshing native plugins compatible for Editor in 0.28 ms, found 2 plugins.
Preloading 0 native plugins for Editor in 0.00 ms.
Unloading 1628 Unused Serialized files (Serialized files now loaded: 0)
Unloading 23 unused Assets / (55.6 KB). Loaded Objects now: 2089.
Memory consumption went from 79.2 MB to 79.1 MB.
Total: 2.156400 ms (FindLiveObjects: 0.123800 ms CreateObjectMapping: 0.028300 ms MarkObjects: 1.935600 ms  DeleteObjects: 0.068000 ms)

AssetImportParameters requested are different than current active one (requested -> active):
  custom:video-decoder-ogg-theora: a1e56fd34408186e4bbccfd4996cb3dc -> 
  custom:container-muxer-webm: aa71ff27fc2769a1b78a27578f13a17b -> 
  custom:container-demuxer-webm: 4f35f7cbe854078d1ac9338744f61a02 -> 
  custom:video-encoder-webm-vp8: eb34c28f22e8b96e1ab97ce403110664 -> 
  custom:video-codec-MediaFoundation-h265: 746d11721c4dcdbdad8f713fa42b33f4 -> 
  custom:audio-encoder-webm-vorbis: bf7c407c2cedff20999df2af8eb42d56 -> 
  custom:framework-win-MediaFoundation: 216162199b28c13a410421893ffa2e32 -> 
  custom:container-demuxer-ogg: 62fdf1f143b41e24485cea50d1cbac27 -> 
  custom:video-decoder-webm-vp8: 9c59270c3fd7afecdb556c50c9e8de78 -> 
  custom:audio-decoder-ogg-vorbis: bf7c407c2cedff20999df2af8eb42d56 -> 
========================================================================
Received Import Request.
  Time since last request: 256080.228401 seconds.
  path: Assets/scripts/Runtime/GameLogic/GameLogicGlobal.cs
  artifactKey: Guid(6fedf0643e32d7641a4e3579f28d9d11) Importer(815301076,1909f56bfc062723c751e8b465ee728b)
Start importing Assets/scripts/Runtime/GameLogic/GameLogicGlobal.cs using Guid(6fedf0643e32d7641a4e3579f28d9d11) Importer(815301076,1909f56bfc062723c751e8b465ee728b)  -> (artifact id: '02be2b84bde13042aeb9668954b6f93b') in 0.021400 seconds 
========================================================================
Received Import Request.
  Time since last request: 15.759301 seconds.
  path: Assets/Addon/Service/Runtime/AssetLoader_Resoureces.cs
  artifactKey: Guid(c55c700fca0cbcc4b81f1cba5b381395) Importer(815301076,1909f56bfc062723c751e8b465ee728b)
Start importing Assets/Addon/Service/Runtime/AssetLoader_Resoureces.cs using Guid(c55c700fca0cbcc4b81f1cba5b381395) Importer(815301076,1909f56bfc062723c751e8b465ee728b)  -> (artifact id: '8c569207670ce32d90b968fbe10b8e20') in 0.001048 seconds 
========================================================================
Received Import Request.
  Time since last request: 0.277621 seconds.
  path: Assets/Addon/Service/Runtime/EEvent.cs
  artifactKey: Guid(8f342bc6c01cb6b45a885205bed91f58) Importer(815301076,1909f56bfc062723c751e8b465ee728b)
Start importing Assets/Addon/Service/Runtime/EEvent.cs using Guid(8f342bc6c01cb6b45a885205bed91f58) Importer(815301076,1909f56bfc062723c751e8b465ee728b)  -> (artifact id: '04c38ab3bd50c70ad30dd61d79d185ab') in 0.000892 seconds 
========================================================================
Received Import Request.
  Time since last request: 0.263612 seconds.
  path: Assets/Addon/Service/Runtime/EventSystem.cs
  artifactKey: Guid(604073a1d35c124408912335dca5cedc) Importer(815301076,1909f56bfc062723c751e8b465ee728b)
Start importing Assets/Addon/Service/Runtime/EventSystem.cs using Guid(604073a1d35c124408912335dca5cedc) Importer(815301076,1909f56bfc062723c751e8b465ee728b)  -> (artifact id: '4446c8a1772d8712dcb3ee724aedcaf8') in 0.000945 seconds 
========================================================================
Received Import Request.
  Time since last request: 0.334346 seconds.
  path: Assets/Addon/Service/Runtime/GameLauncher.cs
  artifactKey: Guid(b257b3ff0d4873140a31e46e42cfa8ed) Importer(815301076,1909f56bfc062723c751e8b465ee728b)
Start importing Assets/Addon/Service/Runtime/GameLauncher.cs using Guid(b257b3ff0d4873140a31e46e42cfa8ed) Importer(815301076,1909f56bfc062723c751e8b465ee728b)  -> (artifact id: '1203d4a727975baea98e27f5bf5f5e0f') in 0.000941 seconds 
========================================================================
Received Import Request.
  Time since last request: 0.333721 seconds.
  path: Assets/Addon/Service/Runtime/GlobalGameCycle.cs
  artifactKey: Guid(41f49b42971d3234488f22998cee71c4) Importer(815301076,1909f56bfc062723c751e8b465ee728b)
Start importing Assets/Addon/Service/Runtime/GlobalGameCycle.cs using Guid(41f49b42971d3234488f22998cee71c4) Importer(815301076,1909f56bfc062723c751e8b465ee728b)  -> (artifact id: '752226ab4a4ed59e2f636720d0ee179d') in 0.000919 seconds 
========================================================================
Received Import Request.
  Time since last request: 0.345934 seconds.
  path: Assets/Addon/Service/Runtime/LoadManager.cs
  artifactKey: Guid(1082ed52eb4eba949b81169690edd2fc) Importer(815301076,1909f56bfc062723c751e8b465ee728b)
Start importing Assets/Addon/Service/Runtime/LoadManager.cs using Guid(1082ed52eb4eba949b81169690edd2fc) Importer(815301076,1909f56bfc062723c751e8b465ee728b)  -> (artifact id: '68b776bb2696ce7b5dda81fdbfc56488') in 0.000949 seconds 
========================================================================
Received Import Request.
  Time since last request: 0.661588 seconds.
  path: Assets/Addon/Service/Runtime/ServiceSettings.cs
  artifactKey: Guid(9657a0106acda5c40879fa89421bd106) Importer(815301076,1909f56bfc062723c751e8b465ee728b)
Start importing Assets/Addon/Service/Runtime/ServiceSettings.cs using Guid(9657a0106acda5c40879fa89421bd106) Importer(815301076,1909f56bfc062723c751e8b465ee728b)  -> (artifact id: 'd182b38dd22e2f2791262dc6f6f1c0e7') in 0.004552 seconds 
========================================================================
Received Import Request.
  Time since last request: 0.326924 seconds.
  path: Assets/Addon/Service/Runtime/ServiceLocator.cs
  artifactKey: Guid(dabefcfc181c169428f4164c197d221e) Importer(815301076,1909f56bfc062723c751e8b465ee728b)
Start importing Assets/Addon/Service/Runtime/ServiceLocator.cs using Guid(dabefcfc181c169428f4164c197d221e) Importer(815301076,1909f56bfc062723c751e8b465ee728b)  -> (artifact id: '7a1fff367a25f96d8a2bdc73f166b082') in 0.000914 seconds 
========================================================================
Received Import Request.
  Time since last request: 0.346204 seconds.
  path: Assets/Addon/Service/Runtime/Service.cs
  artifactKey: Guid(4328c3ce2b3c11345a9c07b239551578) Importer(815301076,1909f56bfc062723c751e8b465ee728b)
Start importing Assets/Addon/Service/Runtime/Service.cs using Guid(4328c3ce2b3c11345a9c07b239551578) Importer(815301076,1909f56bfc062723c751e8b465ee728b)  -> (artifact id: 'a234a5d86b3e82697caf3217903796b4') in 0.000924 seconds 
========================================================================
Received Import Request.
  Time since last request: 0.304067 seconds.
  path: Assets/Addon/Service/Runtime/SceneControllerBase.cs
  artifactKey: Guid(cc5c709fb333cba48aa208d2042e8f28) Importer(815301076,1909f56bfc062723c751e8b465ee728b)
Start importing Assets/Addon/Service/Runtime/SceneControllerBase.cs using Guid(cc5c709fb333cba48aa208d2042e8f28) Importer(815301076,1909f56bfc062723c751e8b465ee728b)  -> (artifact id: '140118686614c3d0c3a09810ab07eb91') in 0.000986 seconds 
========================================================================
Received Import Request.
  Time since last request: 0.292947 seconds.
  path: Assets/Addon/Service/Runtime/MyBuffer.cs
  artifactKey: Guid(39421e09a9a21fd45b05e2c17c740e74) Importer(815301076,1909f56bfc062723c751e8b465ee728b)
Start importing Assets/Addon/Service/Runtime/MyBuffer.cs using Guid(39421e09a9a21fd45b05e2c17c740e74) Importer(815301076,1909f56bfc062723c751e8b465ee728b)  -> (artifact id: 'b24a55dfad34e39295d514d8ee00b65a') in 0.000954 seconds 
========================================================================
Received Prepare
Registering precompiled user dll's ...
Registered in 0.006953 seconds.
Begin MonoManager ReloadAssembly
Native extension for WindowsStandalone target not found
Refreshing native plugins compatible for Editor in 0.47 ms, found 2 plugins.
Preloading 0 native plugins for Editor in 0.00 ms.
Mono: successfully reloaded assembly
- Completed reload, in  1.023 seconds
Domain Reload Profiling:
	ReloadAssembly (1024ms)
		BeginReloadAssembly (167ms)
			ExecutionOrderSort (0ms)
			DisableScriptedObjects (6ms)
			BackupInstance (0ms)
			ReleaseScriptingObjects (0ms)
			CreateAndSetChildDomain (34ms)
		EndReloadAssembly (740ms)
			LoadAssemblies (102ms)
			RebuildTransferFunctionScriptingTraits (0ms)
			SetupTypeCache (199ms)
			ReleaseScriptCaches (1ms)
			RebuildScriptCaches (30ms)
			SetupLoadedEditorAssemblies (313ms)
				LogAssemblyErrors (0ms)
				InitializePlatformSupportModulesInManaged (13ms)
				SetLoadedEditorAssemblies (1ms)
				RefreshPlugins (1ms)
				BeforeProcessingInitializeOnLoad (58ms)
				ProcessInitializeOnLoadAttributes (210ms)
				ProcessInitializeOnLoadMethodAttributes (19ms)
				AfterProcessingInitializeOnLoad (11ms)
				EditorAssembliesLoaded (0ms)
			ExecutionOrderSort2 (0ms)
			AwakeInstancesAfterBackupRestoration (9ms)
Platform modules already initialized, skipping
Refreshing native plugins compatible for Editor in 0.45 ms, found 2 plugins.
Preloading 0 native plugins for Editor in 0.00 ms.
Unloading 1622 Unused Serialized files (Serialized files now loaded: 0)
Unloading 18 unused Assets / (24.5 KB). Loaded Objects now: 2091.
Memory consumption went from 79.0 MB to 79.0 MB.
Total: 2.060100 ms (FindLiveObjects: 0.130700 ms CreateObjectMapping: 0.028100 ms MarkObjects: 1.881000 ms  DeleteObjects: 0.018900 ms)

AssetImportParameters requested are different than current active one (requested -> active):
  custom:video-decoder-ogg-theora: a1e56fd34408186e4bbccfd4996cb3dc -> 
  custom:container-muxer-webm: aa71ff27fc2769a1b78a27578f13a17b -> 
  custom:container-demuxer-webm: 4f35f7cbe854078d1ac9338744f61a02 -> 
  custom:video-encoder-webm-vp8: eb34c28f22e8b96e1ab97ce403110664 -> 
  custom:video-codec-MediaFoundation-h265: 746d11721c4dcdbdad8f713fa42b33f4 -> 
  custom:audio-encoder-webm-vorbis: bf7c407c2cedff20999df2af8eb42d56 -> 
  custom:framework-win-MediaFoundation: 216162199b28c13a410421893ffa2e32 -> 
  custom:container-demuxer-ogg: 62fdf1f143b41e24485cea50d1cbac27 -> 
  custom:video-decoder-webm-vp8: 9c59270c3fd7afecdb556c50c9e8de78 -> 
  custom:audio-decoder-ogg-vorbis: bf7c407c2cedff20999df2af8eb42d56 -> 
